<?xml version="1.0" encoding="UTF-8"?>
<coverage generated="1672513205823" clover="3.2.0">
  <project timestamp="1672513205823" name="All files">
    <metrics statements="70" coveredstatements="65" conditionals="10" coveredconditionals="9" methods="7" coveredmethods="7" elements="87" coveredelements="81" complexity="0" loc="70" ncloc="70" packages="1" files="6" classes="6"/>
    <file name="addDependenciesToPackageJson.js" path="C:\MAMP\htdocs\boolean\vue-3-options-preset\src\bin\addDependenciesToPackageJson.js">
      <metrics statements="18" coveredstatements="16" conditionals="2" coveredconditionals="1" methods="1" coveredmethods="1"/>
      <line num="1" count="1" type="stmt"/>
      <line num="2" count="1" type="stmt"/>
      <line num="3" count="1" type="stmt"/>
      <line num="5" count="1" type="stmt"/>
      <line num="6" count="1" type="stmt"/>
      <line num="8" count="1" type="stmt"/>
      <line num="9" count="1" type="stmt"/>
      <line num="11" count="1" type="stmt"/>
      <line num="12" count="1" type="stmt"/>
      <line num="13" count="1" type="stmt"/>
      <line num="15" count="1" type="stmt"/>
      <line num="18" count="1" type="cond" truecount="1" falsecount="1"/>
      <line num="19" count="0" type="stmt"/>
      <line num="22" count="1" type="stmt"/>
      <line num="24" count="1" type="stmt"/>
      <line num="26" count="1" type="stmt"/>
      <line num="29" count="0" type="stmt"/>
      <line num="33" count="1" type="stmt"/>
    </file>
    <file name="copyStubFiles.js" path="C:\MAMP\htdocs\boolean\vue-3-options-preset\src\bin\copyStubFiles.js">
      <metrics statements="14" coveredstatements="13" conditionals="2" coveredconditionals="2" methods="1" coveredmethods="1"/>
      <line num="1" count="2" type="stmt"/>
      <line num="3" count="2" type="stmt"/>
      <line num="4" count="2" type="stmt"/>
      <line num="6" count="2" type="stmt"/>
      <line num="7" count="2" type="stmt"/>
      <line num="8" count="2" type="stmt"/>
      <line num="9" count="2" type="stmt"/>
      <line num="11" count="2" type="stmt"/>
      <line num="13" count="2" type="cond" truecount="2" falsecount="0"/>
      <line num="14" count="1" type="stmt"/>
      <line num="16" count="1" type="stmt"/>
      <line num="19" count="2" type="stmt"/>
      <line num="22" count="0" type="stmt"/>
      <line num="26" count="2" type="stmt"/>
    </file>
    <file name="getJsonDataFromFile.js" path="C:\MAMP\htdocs\boolean\vue-3-options-preset\src\bin\getJsonDataFromFile.js">
      <metrics statements="10" coveredstatements="9" conditionals="0" coveredconditionals="0" methods="1" coveredmethods="1"/>
      <line num="1" count="2" type="stmt"/>
      <line num="3" count="2" type="stmt"/>
      <line num="4" count="3" type="stmt"/>
      <line num="5" count="3" type="stmt"/>
      <line num="7" count="3" type="stmt"/>
      <line num="9" count="3" type="stmt"/>
      <line num="10" count="3" type="stmt"/>
      <line num="13" count="0" type="stmt"/>
      <line num="16" count="3" type="stmt"/>
      <line num="19" count="2" type="stmt"/>
    </file>
    <file name="mergeJsonObjects.js" path="C:\MAMP\htdocs\boolean\vue-3-options-preset\src\bin\mergeJsonObjects.js">
      <metrics statements="11" coveredstatements="10" conditionals="2" coveredconditionals="2" methods="2" coveredmethods="2"/>
      <line num="1" count="2" type="stmt"/>
      <line num="3" count="2" type="stmt"/>
      <line num="4" count="3" type="stmt"/>
      <line num="5" count="3" type="cond" truecount="2" falsecount="0"/>
      <line num="7" count="3" type="stmt"/>
      <line num="8" count="3" type="stmt"/>
      <line num="10" count="3" type="stmt"/>
      <line num="11" count="3" type="stmt"/>
      <line num="15" count="0" type="stmt"/>
      <line num="18" count="3" type="stmt"/>
      <line num="21" count="2" type="stmt"/>
    </file>
    <file name="removeCssFile.js" path="C:\MAMP\htdocs\boolean\vue-3-options-preset\src\bin\removeCssFile.js">
      <metrics statements="9" coveredstatements="9" conditionals="2" coveredconditionals="2" methods="1" coveredmethods="1"/>
      <line num="1" count="2" type="stmt"/>
      <line num="2" count="2" type="stmt"/>
      <line num="4" count="2" type="stmt"/>
      <line num="5" count="2" type="stmt"/>
      <line num="7" count="2" type="stmt"/>
      <line num="8" count="2" type="cond" truecount="2" falsecount="0"/>
      <line num="9" count="1" type="stmt"/>
      <line num="10" count="1" type="stmt"/>
      <line num="15" count="2" type="stmt"/>
    </file>
    <file name="writeJsonDataToFile.js" path="C:\MAMP\htdocs\boolean\vue-3-options-preset\src\bin\writeJsonDataToFile.js">
      <metrics statements="8" coveredstatements="8" conditionals="2" coveredconditionals="2" methods="1" coveredmethods="1"/>
      <line num="1" count="4" type="stmt"/>
      <line num="3" count="4" type="stmt"/>
      <line num="4" count="4" type="stmt"/>
      <line num="5" count="4" type="stmt"/>
      <line num="7" count="4" type="cond" truecount="2" falsecount="0"/>
      <line num="8" count="1" type="stmt"/>
      <line num="11" count="3" type="stmt"/>
      <line num="15" count="4" type="stmt"/>
    </file>
  </project>
</coverage>
