{"C:\\MAMP\\htdocs\\boolean\\vue-3-options-preset\\src\\bin\\addDependenciesToPackageJson.js": {"path":"C:\\MAMP\\htdocs\\boolean\\vue-3-options-preset\\src\\bin\\addDependenciesToPackageJson.js","statementMap":{"0":{"start":{"line":5,"column":27},"end":{"line":5,"column":54}},"1":{"start":{"line":7,"column":37},"end":{"line":31,"column":1}},"2":{"start":{"line":8,"column":4},"end":{"line":8,"column":83}},"3":{"start":{"line":10,"column":26},"end":{"line":10,"column":28}},"4":{"start":{"line":11,"column":29},"end":{"line":11,"column":31}},"5":{"start":{"line":13,"column":4},"end":{"line":30,"column":5}},"6":{"start":{"line":14,"column":8},"end":{"line":14,"column":82}},"7":{"start":{"line":15,"column":8},"end":{"line":15,"column":80}},"8":{"start":{"line":17,"column":8},"end":{"line":17,"column":152}},"9":{"start":{"line":20,"column":8},"end":{"line":22,"column":9}},"10":{"start":{"line":21,"column":12},"end":{"line":21,"column":147}},"11":{"start":{"line":24,"column":8},"end":{"line":24,"column":79}},"12":{"start":{"line":26,"column":8},"end":{"line":26,"column":80}},"13":{"start":{"line":29,"column":8},"end":{"line":29,"column":113}},"14":{"start":{"line":33,"column":0},"end":{"line":33,"column":50}}},"fnMap":{"0":{"name":"(anonymous_0)","decl":{"start":{"line":7,"column":37},"end":{"line":7,"column":38}},"loc":{"start":{"line":7,"column":83},"end":{"line":31,"column":1}},"line":7}},"branchMap":{"0":{"loc":{"start":{"line":20,"column":8},"end":{"line":22,"column":9}},"type":"if","locations":[{"start":{"line":20,"column":8},"end":{"line":22,"column":9}},{"start":{},"end":{}}],"line":20}},"s":{"0":1,"1":1,"2":2,"3":2,"4":2,"5":2,"6":2,"7":2,"8":2,"9":2,"10":1,"11":2,"12":2,"13":0,"14":1},"f":{"0":2},"b":{"0":[1,1]},"_coverageSchema":"1a1c01bbd47fc00a2c39e90264f33305004495a9","hash":"c822a62d3a76aebeb2a66baa4b31d16aec1af1ea"}
,"C:\\MAMP\\htdocs\\boolean\\vue-3-options-preset\\src\\bin\\copyStubFiles.js": {"path":"C:\\MAMP\\htdocs\\boolean\\vue-3-options-preset\\src\\bin\\copyStubFiles.js","statementMap":{"0":{"start":{"line":1,"column":11},"end":{"line":1,"column":33}},"1":{"start":{"line":3,"column":22},"end":{"line":24,"column":1}},"2":{"start":{"line":4,"column":4},"end":{"line":4,"column":65}},"3":{"start":{"line":6,"column":4},"end":{"line":23,"column":5}},"4":{"start":{"line":7,"column":8},"end":{"line":7,"column":75}},"5":{"start":{"line":8,"column":8},"end":{"line":8,"column":100}},"6":{"start":{"line":9,"column":8},"end":{"line":9,"column":75}},"7":{"start":{"line":11,"column":8},"end":{"line":11,"column":44}},"8":{"start":{"line":13,"column":8},"end":{"line":17,"column":9}},"9":{"start":{"line":14,"column":12},"end":{"line":14,"column":106}},"10":{"start":{"line":16,"column":12},"end":{"line":16,"column":96}},"11":{"start":{"line":19,"column":8},"end":{"line":19,"column":63}},"12":{"start":{"line":22,"column":8},"end":{"line":22,"column":103}},"13":{"start":{"line":26,"column":0},"end":{"line":26,"column":35}}},"fnMap":{"0":{"name":"(anonymous_0)","decl":{"start":{"line":3,"column":22},"end":{"line":3,"column":23}},"loc":{"start":{"line":3,"column":66},"end":{"line":24,"column":1}},"line":3}},"branchMap":{"0":{"loc":{"start":{"line":13,"column":8},"end":{"line":17,"column":9}},"type":"if","locations":[{"start":{"line":13,"column":8},"end":{"line":17,"column":9}},{"start":{"line":15,"column":15},"end":{"line":17,"column":9}}],"line":13}},"s":{"0":2,"1":2,"2":2,"3":2,"4":2,"5":2,"6":2,"7":2,"8":2,"9":1,"10":1,"11":2,"12":0,"13":2},"f":{"0":2},"b":{"0":[1,1]},"_coverageSchema":"1a1c01bbd47fc00a2c39e90264f33305004495a9","hash":"9a6ecbdd87f0d43f0bc821be1f8c698e3856d825"}
,"C:\\MAMP\\htdocs\\boolean\\vue-3-options-preset\\src\\bin\\getJsonDataFromFile.js": {"path":"C:\\MAMP\\htdocs\\boolean\\vue-3-options-preset\\src\\bin\\getJsonDataFromFile.js","statementMap":{"0":{"start":{"line":1,"column":11},"end":{"line":1,"column":33}},"1":{"start":{"line":3,"column":28},"end":{"line":17,"column":1}},"2":{"start":{"line":4,"column":4},"end":{"line":4,"column":82}},"3":{"start":{"line":5,"column":19},"end":{"line":5,"column":21}},"4":{"start":{"line":7,"column":4},"end":{"line":14,"column":5}},"5":{"start":{"line":9,"column":25},"end":{"line":9,"column":84}},"6":{"start":{"line":10,"column":8},"end":{"line":10,"column":42}},"7":{"start":{"line":13,"column":8},"end":{"line":13,"column":96}},"8":{"start":{"line":16,"column":4},"end":{"line":16,"column":20}},"9":{"start":{"line":19,"column":0},"end":{"line":19,"column":41}}},"fnMap":{"0":{"name":"(anonymous_0)","decl":{"start":{"line":3,"column":28},"end":{"line":3,"column":29}},"loc":{"start":{"line":3,"column":52},"end":{"line":17,"column":1}},"line":3}},"branchMap":{},"s":{"0":2,"1":2,"2":5,"3":5,"4":5,"5":5,"6":5,"7":0,"8":5,"9":2},"f":{"0":5},"b":{},"_coverageSchema":"1a1c01bbd47fc00a2c39e90264f33305004495a9","hash":"da551618b0ab2c00e9809c3af9a7812a93c8f02a"}
,"C:\\MAMP\\htdocs\\boolean\\vue-3-options-preset\\src\\bin\\jsonOperations.js": {"path":"C:\\MAMP\\htdocs\\boolean\\vue-3-options-preset\\src\\bin\\jsonOperations.js","statementMap":{"0":{"start":{"line":1,"column":32},"end":{"line":1,"column":64}},"1":{"start":{"line":2,"column":29},"end":{"line":2,"column":58}},"2":{"start":{"line":3,"column":32},"end":{"line":3,"column":64}},"3":{"start":{"line":5,"column":0},"end":{"line":5,"column":100}}},"fnMap":{},"branchMap":{},"s":{"0":1,"1":1,"2":1,"3":1},"f":{},"b":{},"_coverageSchema":"1a1c01bbd47fc00a2c39e90264f33305004495a9","hash":"40124c25dccdea42ae24727c08a64671df2d028c"}
,"C:\\MAMP\\htdocs\\boolean\\vue-3-options-preset\\src\\bin\\mergeJsonObjects.js": {"path":"C:\\MAMP\\htdocs\\boolean\\vue-3-options-preset\\src\\bin\\mergeJsonObjects.js","statementMap":{"0":{"start":{"line":1,"column":11},"end":{"line":1,"column":33}},"1":{"start":{"line":3,"column":25},"end":{"line":19,"column":1}},"2":{"start":{"line":4,"column":4},"end":{"line":4,"column":68}},"3":{"start":{"line":5,"column":19},"end":{"line":5,"column":43}},"4":{"start":{"line":7,"column":4},"end":{"line":16,"column":5}},"5":{"start":{"line":8,"column":36},"end":{"line":8,"column":57}},"6":{"start":{"line":10,"column":8},"end":{"line":12,"column":11}},"7":{"start":{"line":11,"column":12},"end":{"line":11,"column":42}},"8":{"start":{"line":15,"column":8},"end":{"line":15,"column":95}},"9":{"start":{"line":18,"column":4},"end":{"line":18,"column":20}},"10":{"start":{"line":21,"column":0},"end":{"line":21,"column":38}}},"fnMap":{"0":{"name":"(anonymous_0)","decl":{"start":{"line":3,"column":25},"end":{"line":3,"column":26}},"loc":{"start":{"line":3,"column":58},"end":{"line":19,"column":1}},"line":3},"1":{"name":"(anonymous_1)","decl":{"start":{"line":10,"column":36},"end":{"line":10,"column":37}},"loc":{"start":{"line":10,"column":43},"end":{"line":12,"column":9}},"line":10}},"branchMap":{"0":{"loc":{"start":{"line":5,"column":19},"end":{"line":5,"column":43}},"type":"binary-expr","locations":[{"start":{"line":5,"column":19},"end":{"line":5,"column":37}},{"start":{"line":5,"column":41},"end":{"line":5,"column":43}}],"line":5}},"s":{"0":2,"1":2,"2":5,"3":5,"4":5,"5":5,"6":5,"7":6,"8":0,"9":5,"10":2},"f":{"0":5,"1":6},"b":{"0":[5,0]},"_coverageSchema":"1a1c01bbd47fc00a2c39e90264f33305004495a9","hash":"ef440841bbf51848bfc5cc1d04fa8556b18c1071"}
,"C:\\MAMP\\htdocs\\boolean\\vue-3-options-preset\\src\\bin\\removeCssFile.js": {"path":"C:\\MAMP\\htdocs\\boolean\\vue-3-options-preset\\src\\bin\\removeCssFile.js","statementMap":{"0":{"start":{"line":1,"column":11},"end":{"line":1,"column":33}},"1":{"start":{"line":2,"column":13},"end":{"line":2,"column":28}},"2":{"start":{"line":4,"column":22},"end":{"line":13,"column":1}},"3":{"start":{"line":5,"column":4},"end":{"line":5,"column":66}},"4":{"start":{"line":7,"column":4},"end":{"line":12,"column":5}},"5":{"start":{"line":8,"column":8},"end":{"line":11,"column":9}},"6":{"start":{"line":9,"column":12},"end":{"line":9,"column":54}},"7":{"start":{"line":10,"column":12},"end":{"line":10,"column":70}},"8":{"start":{"line":15,"column":0},"end":{"line":15,"column":35}}},"fnMap":{"0":{"name":"(anonymous_0)","decl":{"start":{"line":4,"column":22},"end":{"line":4,"column":23}},"loc":{"start":{"line":4,"column":41},"end":{"line":13,"column":1}},"line":4}},"branchMap":{"0":{"loc":{"start":{"line":8,"column":8},"end":{"line":11,"column":9}},"type":"if","locations":[{"start":{"line":8,"column":8},"end":{"line":11,"column":9}},{"start":{},"end":{}}],"line":8}},"s":{"0":2,"1":2,"2":2,"3":2,"4":2,"5":2,"6":1,"7":1,"8":2},"f":{"0":2},"b":{"0":[1,1]},"_coverageSchema":"1a1c01bbd47fc00a2c39e90264f33305004495a9","hash":"6ed0f3633fc25b3f810a42cb828357fb19238d97"}
,"C:\\MAMP\\htdocs\\boolean\\vue-3-options-preset\\src\\bin\\writeJsonDataToFile.js": {"path":"C:\\MAMP\\htdocs\\boolean\\vue-3-options-preset\\src\\bin\\writeJsonDataToFile.js","statementMap":{"0":{"start":{"line":1,"column":11},"end":{"line":1,"column":33}},"1":{"start":{"line":3,"column":28},"end":{"line":13,"column":1}},"2":{"start":{"line":4,"column":4},"end":{"line":4,"column":74}},"3":{"start":{"line":5,"column":19},"end":{"line":5,"column":39}},"4":{"start":{"line":7,"column":4},"end":{"line":9,"column":5}},"5":{"start":{"line":8,"column":8},"end":{"line":8,"column":50}},"6":{"start":{"line":11,"column":4},"end":{"line":11,"column":75}},"7":{"start":{"line":15,"column":0},"end":{"line":15,"column":41}}},"fnMap":{"0":{"name":"(anonymous_0)","decl":{"start":{"line":3,"column":28},"end":{"line":3,"column":29}},"loc":{"start":{"line":3,"column":58},"end":{"line":13,"column":1}},"line":3}},"branchMap":{"0":{"loc":{"start":{"line":7,"column":4},"end":{"line":9,"column":5}},"type":"if","locations":[{"start":{"line":7,"column":4},"end":{"line":9,"column":5}},{"start":{},"end":{}}],"line":7}},"s":{"0":4,"1":4,"2":5,"3":5,"4":5,"5":1,"6":4,"7":4},"f":{"0":5},"b":{"0":[1,4]},"_coverageSchema":"1a1c01bbd47fc00a2c39e90264f33305004495a9","hash":"67012fcb8b37a9dde4cd845add440a2ee59395be"}
}
