TN:
SF:src\bin\addDependenciesToPackageJson.js
FN:5,(anonymous_0)
FNF:1
FNH:1
FNDA:1,(anonymous_0)
DA:1,1
DA:2,1
DA:3,1
DA:5,1
DA:6,1
DA:8,1
DA:9,1
DA:11,1
DA:12,1
DA:13,1
DA:15,1
DA:18,1
DA:19,0
DA:22,1
DA:24,1
DA:26,1
DA:29,0
DA:33,1
LF:18
LH:16
BRDA:18,0,0,0
BRDA:18,0,1,1
BRF:2
BRH:1
end_of_record
TN:
SF:src\bin\copyStubFiles.js
FN:3,(anonymous_0)
FNF:1
FNH:1
FNDA:2,(anonymous_0)
DA:1,2
DA:3,2
DA:4,2
DA:6,2
DA:7,2
DA:8,2
DA:9,2
DA:11,2
DA:13,2
DA:14,1
DA:16,1
DA:19,2
DA:22,0
DA:26,2
LF:14
LH:13
BRDA:13,0,0,1
BRDA:13,0,1,1
BRF:2
BRH:2
end_of_record
TN:
SF:src\bin\getJsonDataFromFile.js
FN:3,(anonymous_0)
FNF:1
FNH:1
FNDA:3,(anonymous_0)
DA:1,2
DA:3,2
DA:4,3
DA:5,3
DA:7,3
DA:9,3
DA:10,3
DA:13,0
DA:16,3
DA:19,2
LF:10
LH:9
BRF:0
BRH:0
end_of_record
TN:
SF:src\bin\mergeJsonObjects.js
FN:3,(anonymous_0)
FN:10,(anonymous_1)
FNF:2
FNH:2
FNDA:3,(anonymous_0)
FNDA:3,(anonymous_1)
DA:1,2
DA:3,2
DA:4,3
DA:5,3
DA:7,3
DA:8,3
DA:10,3
DA:11,3
DA:15,0
DA:18,3
DA:21,2
LF:11
LH:10
BRDA:5,0,0,3
BRDA:5,0,1,1
BRF:2
BRH:2
end_of_record
TN:
SF:src\bin\removeCssFile.js
FN:4,(anonymous_0)
FNF:1
FNH:1
FNDA:2,(anonymous_0)
DA:1,2
DA:2,2
DA:4,2
DA:5,2
DA:7,2
DA:8,2
DA:9,1
DA:10,1
DA:15,2
LF:9
LH:9
BRDA:8,0,0,1
BRDA:8,0,1,1
BRF:2
BRH:2
end_of_record
TN:
SF:src\bin\writeJsonDataToFile.js
FN:3,(anonymous_0)
FNF:1
FNH:1
FNDA:4,(anonymous_0)
DA:1,4
DA:3,4
DA:4,4
DA:5,4
DA:7,4
DA:8,1
DA:11,3
DA:15,4
LF:8
LH:8
BRDA:7,0,0,1
BRDA:7,0,1,3
BRF:2
BRH:2
end_of_record
